{"level":"info","message":"server runnig on 5000","timestamp":"2021-08-05T04:43:04.293Z"}
{"level":"info","message":"success 200 response authentication","timestamp":"2021-08-05T04:44:59.021Z"}
{"level":"info","message":"success 200 response authUpdateUser","timestamp":"2021-08-05T04:44:59.022Z"}
{"level":"info","message":"success 200 response at updateUser ","timestamp":"2021-08-05T04:44:59.063Z"}
{"level":"info","message":"server runnig on 5000","timestamp":"2021-08-05T04:46:24.199Z"}
{"level":"info","message":"server runnig on 5000","timestamp":"2021-08-05T04:46:36.435Z"}
{"level":"info","message":"success 200 response authentication","timestamp":"2021-08-05T04:46:45.820Z"}
{"level":"info","message":"success 200 response authUpdateUser","timestamp":"2021-08-05T04:46:45.821Z"}
{"level":"info","message":"success 200 response at updateUser ","timestamp":"2021-08-05T04:46:45.870Z"}
{"level":"info","message":"server runnig on 5000","timestamp":"2021-08-05T04:49:07.623Z"}
{"level":"info","message":"success 200 response authentication","timestamp":"2021-08-05T04:49:07.845Z"}
{"level":"info","message":"success 200 response authUpdateUser","timestamp":"2021-08-05T04:49:07.846Z"}
{"level":"info","message":"success 200 response at updateUser ","timestamp":"2021-08-05T04:49:07.866Z"}
{"level":"info","message":"server runnig on 5000","timestamp":"2021-08-05T04:49:43.543Z"}
{"level":"info","message":"success 200 response authentication","timestamp":"2021-08-05T04:49:45.359Z"}
{"level":"info","message":"success 200 response authUpdateUser","timestamp":"2021-08-05T04:49:45.360Z"}
{"level":"info","message":"success 200 response at updateUser ","timestamp":"2021-08-05T04:49:45.423Z"}
{"level":"info","message":"server runnig on 5000","timestamp":"2021-08-05T04:50:17.057Z"}
{"level":"info","message":"success 200 response authentication","timestamp":"2021-08-05T04:50:18.865Z"}
{"level":"info","message":"success 200 response authUpdateUser","timestamp":"2021-08-05T04:50:18.866Z"}
{"level":"info","message":"success 200 response at updateUser ","timestamp":"2021-08-05T04:50:18.944Z"}
{"level":"info","message":"server runnig on 5000","timestamp":"2021-08-05T04:50:51.441Z"}
{"level":"info","message":"success 200 response authentication","timestamp":"2021-08-05T04:50:53.391Z"}
{"level":"info","message":"success 200 response authUpdateUser","timestamp":"2021-08-05T04:50:53.392Z"}
{"level":"info","message":"success 200 response at updateUser ","timestamp":"2021-08-05T04:50:53.504Z"}
{"level":"info","message":"server runnig on 5000","timestamp":"2021-08-05T04:51:05.007Z"}
{"level":"info","message":"success 200 response authentication","timestamp":"2021-08-05T04:51:06.775Z"}
{"level":"info","message":"success 200 response authUpdateUser","timestamp":"2021-08-05T04:51:06.776Z"}
{"level":"info","message":"success 200 response at updateUser ","timestamp":"2021-08-05T04:51:06.881Z"}
{"level":"info","message":"server runnig on 5000","timestamp":"2021-08-05T04:51:36.088Z"}
{"level":"info","message":"success 200 response authentication","timestamp":"2021-08-05T04:51:37.698Z"}
{"level":"info","message":"success 200 response authUpdateUser","timestamp":"2021-08-05T04:51:37.699Z"}
{"level":"info","message":"success 200 response at updateUser ","timestamp":"2021-08-05T04:51:37.767Z"}
{"level":"info","message":"server runnig on 5000","timestamp":"2021-08-05T04:51:49.133Z"}
{"level":"info","message":"success 200 response authentication","timestamp":"2021-08-05T04:51:50.498Z"}
{"level":"info","message":"success 200 response authUpdateUser","timestamp":"2021-08-05T04:51:50.499Z"}
{"level":"info","message":"success 200 response at updateUser ","timestamp":"2021-08-05T04:51:50.594Z"}
{"level":"info","message":"server runnig on 5000","timestamp":"2021-08-05T04:52:05.785Z"}
{"level":"info","message":"200 response at signin ","timestamp":"2021-08-05T04:52:32.716Z"}
{"level":"info","message":"200 response at signin ","timestamp":"2021-08-05T04:53:05.519Z"}
{"level":"info","message":"server runnig on 5000","timestamp":"2021-08-05T06:03:40.540Z"}
{"level":"info","message":"server runnig on 5000","timestamp":"2021-08-05T06:04:38.425Z"}
{"level":"info","message":"server runnig on 5000","timestamp":"2021-08-05T06:05:20.033Z"}
{"level":"info","message":"server runnig on 5000","timestamp":"2021-08-05T06:05:34.172Z"}
{"level":"info","message":"server runnig on 5000","timestamp":"2021-08-05T06:06:04.075Z"}
{"level":"info","message":"success 200 response authentication","timestamp":"2021-08-05T06:06:39.047Z"}
{"level":"info","message":"error 500 at generateInvoice  ","timestamp":"2021-08-05T06:06:45.299Z"}
{"level":"info","message":"server runnig on 5000","timestamp":"2021-08-05T06:07:33.552Z"}
{"level":"info","message":"success 200 response authentication","timestamp":"2021-08-05T06:07:37.501Z"}
{"level":"info","message":"invoice generated ","timestamp":"2021-08-05T06:07:37.545Z"}
{"level":"info","message":"server runnig on 5000","timestamp":"2021-08-05T06:07:39.002Z"}
{"level":"info","message":"success 200 response authentication","timestamp":"2021-08-05T06:09:11.266Z"}
{"level":"info","message":"invoice generated ","timestamp":"2021-08-05T06:09:11.313Z"}
{"level":"info","message":"server runnig on 5000","timestamp":"2021-08-05T06:09:38.023Z"}
{"level":"info","message":"server runnig on 5000","timestamp":"2021-08-05T06:09:53.755Z"}
{"level":"info","message":"success 200 response authentication","timestamp":"2021-08-05T06:09:58.425Z"}
{"level":"info","message":"invoice generated ","timestamp":"2021-08-05T06:09:58.497Z"}
{"level":"info","message":"server runnig on 5000","timestamp":"2021-08-05T06:17:58.335Z"}
{"level":"info","message":"success 200 response authentication","timestamp":"2021-08-05T06:18:18.041Z"}
{"level":"info","message":"error 500 at generateInvoice  ","timestamp":"2021-08-05T06:18:18.116Z"}
{"level":"info","message":"server runnig on 5000","timestamp":"2021-08-05T06:22:37.689Z"}
{"level":"info","message":"success 200 response authentication","timestamp":"2021-08-05T06:22:43.901Z"}
{"level":"info","message":"error 500 at generateInvoice  ","timestamp":"2021-08-05T06:22:43.971Z"}
{"level":"info","message":"server runnig on 5000","timestamp":"2021-08-05T06:23:14.178Z"}
{"level":"info","message":"success 200 response authentication","timestamp":"2021-08-05T06:23:17.772Z"}
{"level":"info","message":"error 500 at generateInvoice  ","timestamp":"2021-08-05T06:23:17.814Z"}
{"level":"info","message":"server runnig on 5000","timestamp":"2021-08-05T06:23:52.322Z"}
{"level":"info","message":"success 200 response authentication","timestamp":"2021-08-05T06:24:07.069Z"}
{"level":"info","message":"error 500 at generateInvoice  ","timestamp":"2021-08-05T06:24:07.113Z"}
{"level":"info","message":"server runnig on 5000","timestamp":"2021-08-05T06:25:13.574Z"}
{"level":"info","message":"success 200 response authentication","timestamp":"2021-08-05T06:25:32.971Z"}
{"level":"info","message":"error 500 at generateInvoice  ","timestamp":"2021-08-05T06:25:33.054Z"}
{"level":"info","message":"server runnig on 5000","timestamp":"2021-08-05T06:25:52.883Z"}
{"level":"info","message":"success 200 response authentication","timestamp":"2021-08-05T06:25:55.671Z"}
{"level":"info","message":"error 500 at generateInvoice  ","timestamp":"2021-08-05T06:25:55.763Z"}
{"level":"info","message":"server runnig on 5000","timestamp":"2021-08-05T06:26:20.728Z"}
{"level":"info","message":"server runnig on 5000","timestamp":"2021-08-05T06:26:25.453Z"}
{"level":"info","message":"server runnig on 5000","timestamp":"2021-08-05T06:26:27.779Z"}
{"level":"info","message":"server runnig on 5000","timestamp":"2021-08-05T06:26:31.755Z"}
{"level":"info","message":"success 200 response authentication","timestamp":"2021-08-05T06:26:34.513Z"}
{"level":"info","message":"error 500 at generateInvoice  ","timestamp":"2021-08-05T06:26:34.609Z"}
{"level":"info","message":"server runnig on 5000","timestamp":"2021-08-05T06:27:04.877Z"}
{"level":"info","message":"server runnig on 5000","timestamp":"2021-08-05T06:27:09.406Z"}
{"level":"info","message":"server runnig on 5000","timestamp":"2021-08-05T06:27:16.995Z"}
{"level":"info","message":"success 200 response authentication","timestamp":"2021-08-05T06:27:24.660Z"}
{"level":"info","message":"error 500 at generateInvoice  ","timestamp":"2021-08-05T06:27:24.736Z"}
{"level":"info","message":"server runnig on 5000","timestamp":"2021-08-05T06:27:41.623Z"}
{"level":"info","message":"server runnig on 5000","timestamp":"2021-08-05T06:27:57.594Z"}
{"level":"info","message":"success 200 response authentication","timestamp":"2021-08-05T06:28:05.090Z"}
{"level":"info","message":"invoice generated ","timestamp":"2021-08-05T06:28:05.148Z"}
{"level":"info","message":"server runnig on 5000","timestamp":"2021-08-05T06:29:01.584Z"}
{"level":"info","message":"server runnig on 5000","timestamp":"2021-08-05T06:29:06.482Z"}
{"level":"info","message":"server runnig on 5000","timestamp":"2021-08-05T06:57:20.565Z"}
{"level":"info","message":"server runnig on 5000","timestamp":"2021-08-05T06:57:49.210Z"}
{"level":"info","message":"server runnig on 5000","timestamp":"2021-08-05T06:57:53.298Z"}
{"level":"info","message":"server runnig on 5000","timestamp":"2021-08-05T06:57:57.798Z"}
{"level":"info","message":"server runnig on 5000","timestamp":"2021-08-05T06:57:59.238Z"}
{"level":"info","message":"server runnig on 5000","timestamp":"2021-08-05T09:44:41.429Z"}
{"level":"info","message":"server runnig on 5000","timestamp":"2021-08-05T09:46:55.538Z"}
{"level":"info","message":"server runnig on 5000","timestamp":"2021-08-05T09:48:32.894Z"}
{"level":"info","message":"server runnig on 5000","timestamp":"2021-08-05T09:49:07.756Z"}
{"level":"info","message":"success 200 response at initializing ","timestamp":"2021-08-05T09:49:12.997Z"}
{"level":"info","message":"server runnig on 5000","timestamp":"2021-08-05T09:50:00.917Z"}
{"level":"info","message":"success 200 response at initializing ","timestamp":"2021-08-05T09:50:09.244Z"}
{"level":"info","message":"200 response at signin ","timestamp":"2021-08-05T09:53:48.433Z"}
{"level":"info","message":"200 response at signin ","timestamp":"2021-08-05T09:57:45.507Z"}
{"level":"info","message":"server runnig on 5000","timestamp":"2021-08-05T10:01:19.949Z"}
{"level":"info","message":"200 response at signin ","timestamp":"2021-08-05T10:01:35.514Z"}
{"level":"info","message":"server runnig on 5000","timestamp":"2021-08-05T10:02:36.177Z"}
{"level":"info","message":"server runnig on 5000","timestamp":"2021-08-05T10:02:49.259Z"}
{"level":"info","message":"server runnig on 5000","timestamp":"2021-08-05T10:03:24.626Z"}
{"level":"info","message":"server runnig on 5000","timestamp":"2021-08-05T10:04:37.222Z"}
{"level":"info","message":"success 200 response authentication","timestamp":"2021-08-05T10:06:56.332Z"}
{"level":"info","message":"success 200 response authRole","timestamp":"2021-08-05T10:06:56.334Z"}
{"level":"info","message":"200 response at createUser ","timestamp":"2021-08-05T10:06:57.232Z"}
{"level":"info","message":"success 200 response authentication","timestamp":"2021-08-05T10:07:13.266Z"}
{"level":"info","message":"success 200 response authRole","timestamp":"2021-08-05T10:07:13.267Z"}
{"level":"info","message":"500 response at createUser ","timestamp":"2021-08-05T10:07:13.270Z"}
{"level":"info","message":"success 200 response authentication","timestamp":"2021-08-05T10:07:26.827Z"}
{"level":"info","message":"success 200 response authRole","timestamp":"2021-08-05T10:07:26.828Z"}
{"level":"info","message":"200 response at createUser ","timestamp":"2021-08-05T10:07:27.511Z"}
{"level":"info","message":"success 200 response authentication","timestamp":"2021-08-05T10:07:56.006Z"}
{"level":"info","message":"success 200 response authRole","timestamp":"2021-08-05T10:07:56.007Z"}
{"level":"info","message":"200 response at createUser ","timestamp":"2021-08-05T10:07:56.833Z"}
{"level":"info","message":"server runnig on 5000","timestamp":"2021-08-05T10:11:46.676Z"}
{"level":"info","message":"200 response at signin ","timestamp":"2021-08-05T10:14:21.196Z"}
{"level":"info","message":"success 200 response authentication","timestamp":"2021-08-05T10:14:57.550Z"}
{"level":"info","message":"200 response at getUsers ","timestamp":"2021-08-05T10:14:57.832Z"}
{"level":"info","message":"server runnig on 5000","timestamp":"2021-08-05T10:16:44.215Z"}
{"level":"info","message":"server runnig on 5000","timestamp":"2021-08-05T10:17:11.374Z"}
{"level":"info","message":"server runnig on 5000","timestamp":"2021-08-05T10:17:19.624Z"}
{"level":"info","message":"server runnig on 5000","timestamp":"2021-08-05T10:22:28.699Z"}
{"level":"info","message":"server runnig on 5000","timestamp":"2021-08-05T10:24:30.934Z"}
{"level":"info","message":"server runnig on 5000","timestamp":"2021-08-05T10:28:09.686Z"}
{"level":"info","message":"server runnig on 5000","timestamp":"2021-08-05T10:29:05.335Z"}
{"level":"info","message":"server runnig on 5000","timestamp":"2021-08-05T10:29:10.870Z"}
{"level":"info","message":"server runnig on 5000","timestamp":"2021-08-05T10:29:29.116Z"}
{"level":"info","message":"server runnig on 5000","timestamp":"2021-08-05T10:29:56.480Z"}
{"level":"info","message":"server runnig on 5000","timestamp":"2021-08-05T10:31:45.466Z"}
{"level":"info","message":"server runnig on 5000","timestamp":"2021-08-05T10:32:46.210Z"}
{"level":"info","message":"server runnig on 5000","timestamp":"2021-08-05T10:33:26.261Z"}
{"level":"info","message":"server runnig on 2190","timestamp":"2021-08-05T10:34:21.439Z"}
{"level":"info","message":"success 200 response authentication","timestamp":"2021-08-05T10:37:06.859Z"}
{"level":"info","message":"error 400 response authUpdateUser","timestamp":"2021-08-05T10:37:06.861Z"}
{"level":"info","message":"success 200 response authentication","timestamp":"2021-08-05T10:37:16.127Z"}
{"level":"info","message":"success 200 response authUpdateUser","timestamp":"2021-08-05T10:37:16.128Z"}
{"level":"info","message":"success 200 response at updateUser","timestamp":"2021-08-05T10:37:16.804Z"}
{"level":"info","message":"success 200 response authentication","timestamp":"2021-08-05T10:37:53.700Z"}
{"level":"info","message":"error 400 response authUpdateUser","timestamp":"2021-08-05T10:37:53.701Z"}
{"level":"info","message":"server runnig on 2190","timestamp":"2021-08-05T10:38:42.238Z"}
{"level":"info","message":"server runnig on 2190","timestamp":"2021-08-05T10:40:27.307Z"}
{"level":"info","message":"success 200 response authentication","timestamp":"2021-08-05T10:40:32.426Z"}
{"level":"info","message":"error 400 response authUpdateUser","timestamp":"2021-08-05T10:40:32.428Z"}
{"level":"info","message":"success 200 response authentication","timestamp":"2021-08-05T10:40:37.231Z"}
{"level":"info","message":"error 400 response authUpdateUser","timestamp":"2021-08-05T10:40:37.232Z"}
{"level":"info","message":"server runnig on 2190","timestamp":"2021-08-05T10:40:57.038Z"}
{"level":"info","message":"success 200 response authentication","timestamp":"2021-08-05T10:41:01.119Z"}
{"level":"info","message":"error 400 response authUpdateUser","timestamp":"2021-08-05T10:41:01.121Z"}
{"level":"info","message":"server runnig on 2190","timestamp":"2021-08-05T10:41:09.518Z"}
{"level":"info","message":"server runnig on 2190","timestamp":"2021-08-05T10:42:02.503Z"}
{"level":"info","message":"server runnig on 2190","timestamp":"2021-08-05T10:42:14.683Z"}
{"level":"info","message":"success 200 response authentication","timestamp":"2021-08-05T10:42:33.339Z"}
{"level":"info","message":"error 400 response authUpdateUser","timestamp":"2021-08-05T10:42:33.340Z"}
{"level":"info","message":"200 response at signin ","timestamp":"2021-08-05T10:48:12.547Z"}
{"level":"info","message":"server runnig on 2190","timestamp":"2021-08-05T10:49:20.419Z"}
{"level":"info","message":"200 response at signin ","timestamp":"2021-08-05T10:49:24.651Z"}
{"level":"info","message":"server runnig on 2190","timestamp":"2021-08-05T10:52:07.832Z"}
{"level":"info","message":"server runnig on 2190","timestamp":"2021-08-05T16:14:17.414Z"}
{"level":"info","message":"server runnig on 2190","timestamp":"2021-08-05T16:14:27.991Z"}
{"level":"info","message":"server runnig on 2190","timestamp":"2021-08-06T02:28:13.837Z"}
